
> alignedu@0.1.0 dev
> next dev --webpack

▲ Next.js 16.2.2 (webpack)
- Local:         http://localhost:3000
- Network:       http://192.168.1.100:3000
- Environments: .env.local, .env
✓ Ready in 352ms

 GET / 200 in 837ms (next.js: 724ms, application-code: 113ms)
TypeError: fetch failed
    at async POST (app/api/invite/route.ts:12:34)
  10 |   );
  11 |
> 12 |   const { error: inviteError } = await supabase.auth.admin.inviteUserByEmail(email);
     |                                  ^
  13 |
  14 |   if (inviteError) {
  15 |     return NextResponse.json({ error: inviteError.message }, { status: 500 }); {
  [cause]: Error: getaddrinfo ENOTFOUND https
      at ignore-listed frames {
    errno: -3008,
    code: 'ENOTFOUND',
    syscall: 'getaddrinfo',
    hostname: 'https'
  }
}
 POST /api/invite 500 in 753ms (next.js: 654ms, application-code: 98ms)

> alignedu@0.1.0 dev
> next dev --webpack

▲ Next.js 16.2.2 (webpack)
- Local:         http://localhost:3000
- Network:       http://192.168.1.100:3000
- Environments: .env.local, .env
✓ Ready in 316ms

 GET / 200 in 2.2s (next.js: 2.1s, application-code: 117ms)

> alignedu@0.1.0 dev
> next dev --webpack

▲ Next.js 16.2.2 (webpack)
- Local:         http://localhost:3000
- Network:       http://192.168.1.100:3000
- Environments: .env.local, .env
✓ Ready in 312ms

 GET / 200 in 871ms (next.js: 756ms, application-code: 115ms)
